\BOOKMARK [1][-]{section*.1}{\376\377\000I\000n\000t\000r\000o\000d\000u\000c\000t\000i\000o\000n}{}% 1
\BOOKMARK [2][-]{subsection*.2}{\376\377\000E\000l\000\040\000M\000a\000r\000k\000e\000t\000i\000n\000g\000:\000\040\000n\000e\000c\000e\000s\000i\000d\000a\000d\000e\000s\000,\000\040\000d\000e\000s\000e\000o\000s\000\040\000y\000\040\000d\000e\000m\000a\000n\000d\000a\000s}{section*.1}% 2
\BOOKMARK [2][-]{subsection*.4}{\376\377\000G\000e\000s\000t\000i\000\363\000n\000\040\000d\000e\000l\000\040\000m\000a\000r\000k\000e\000t\000i\000n\000g}{section*.1}% 3
\BOOKMARK [2][-]{subsection*.5}{\376\377\000E\000n\000f\000o\000q\000u\000e\000\040\000d\000e\000\040\000p\000r\000o\000d\000u\000c\000c\000i\000\363\000n}{section*.1}% 4
\BOOKMARK [2][-]{subsection*.6}{\376\377\000E\000n\000f\000o\000q\000u\000e\000\040\000d\000e\000\040\000p\000r\000o\000d\000u\000c\000t\000o}{section*.1}% 5
\BOOKMARK [2][-]{subsection*.7}{\376\377\000E\000n\000f\000o\000q\000u\000e\000\040\000d\000e\000\040\000v\000e\000n\000t\000a\000s}{section*.1}% 6
\BOOKMARK [2][-]{subsection*.8}{\376\377\000E\000n\000f\000o\000q\000u\000e\000\040\000d\000e\000\040\000m\000a\000r\000k\000e\000t\000i\000n\000g}{section*.1}% 7
\BOOKMARK [1][-]{section*.9}{\376\377\000D\000e\000f\000i\000n\000i\000c\000i\000\363\000n\000\040\000d\000e\000l\000\040\000m\000e\000r\000c\000a\000d\000o}{}% 8
\BOOKMARK [1][-]{section*.10}{\376\377\000O\000r\000i\000e\000n\000t\000a\000c\000i\000\363\000n\000\040\000a\000l\000\040\000c\000l\000i\000e\000n\000t\000e}{}% 9
\BOOKMARK [1][-]{section*.11}{\376\377\000C\000o\000o\000r\000d\000i\000n\000a\000c\000i\000\363\000n\000\040\000d\000e\000\040\000m\000a\000r\000k\000e\000t\000i\000n\000g}{}% 10
\BOOKMARK [1][-]{section*.12}{\376\377\000R\000e\000n\000t\000a\000b\000i\000l\000i\000d\000a\000d}{}% 11
\BOOKMARK [2][-]{subsection*.13}{\376\377\000E\000n\000f\000o\000q\000u\000e\000\040\000d\000e\000\040\000m\000a\000r\000k\000e\000t\000i\000n\000g\000\040\000s\000o\000c\000i\000a\000l}{section*.12}% 12
\BOOKMARK [1][-]{section*.14}{\376\377\000B\000i\000g\000\040\000D\000a\000t\000a\000\040\000M\000a\000r\000k\000e\000t\000i\000n\000g}{}% 13
\BOOKMARK [2][-]{subsection*.16}{\376\377\000H\000e\000r\000r\000a\000m\000i\000e\000n\000t\000a\000s\000\040\000y\000\040\000p\000r\000\341\000c\000t\000i\000c\000a\000s\000\040\000d\000e\000\040\000b\000i\000g\000\040\000d\000a\000t\000a\000\040\000m\000a\000r\000k\000e\000t\000i\000n\000g}{section*.14}% 14
\BOOKMARK [2][-]{subsection*.17}{\376\377\000E\000m\000a\000i\000l\000\040\000m\000a\000r\000k\000e\000t\000i\000n\000g}{section*.14}% 15
\BOOKMARK [2][-]{subsection*.18}{\376\377\000P\000e\000r\000s\000o\000n\000a\000l\000i\000z\000a\000c\000i\000\363\000n\000\040\000d\000e\000l\000\040\000c\000o\000n\000t\000e\000n\000i\000d\000o}{section*.14}% 16
\BOOKMARK [2][-]{subsection*.19}{\376\377\000M\000o\000m\000e\000n\000t\000o\000\040\000y\000\040\000f\000r\000e\000c\000u\000e\000n\000c\000i\000a\000\040\000d\000e\000\040\000e\000n\000v\000\355\000o}{section*.14}% 17
\BOOKMARK [2][-]{subsection*.20}{\376\377\000P\000u\000e\000s\000t\000a\000\040\000e\000n\000\040\000e\000s\000c\000e\000n\000a}{section*.14}% 18
\BOOKMARK [2][-]{subsection*.22}{\376\377\000M\000o\000b\000i\000l\000e\000\040\000m\000a\000r\000k\000e\000t\000i\000n\000g}{section*.14}% 19
\BOOKMARK [2][-]{subsection*.24}{\376\377\000S\000o\000c\000i\000a\000l\000\040\000m\000a\000r\000k\000e\000t\000i\000n\000g}{section*.14}% 20
\BOOKMARK [2][-]{subsection*.25}{\376\377\000B\000l\000o\000g\000s\000\040\000\046\000\040\000R\000R\000S\000S}{section*.14}% 21
\BOOKMARK [2][-]{subsection*.26}{\376\377\000L\000a\000s\000\040\000c\000a\000r\000a\000c\000t\000e\000r\000\355\000s\000t\000i\000c\000a\000s\000\040\000p\000r\000i\000n\000c\000i\000p\000a\000l\000e\000s\000\040\000d\000e\000\040\000l\000o\000s\000\040\000b\000l\000o\000g\000s\000\040\000i\000n\000c\000l\000u\000y\000e\000n\000:}{section*.14}% 22
\BOOKMARK [2][-]{subsection*.27}{\376\377\000R\000e\000d\000e\000s\000\040\000S\000o\000c\000i\000a\000l\000e\000s\000:\000\040\000U\000n\000\040\000a\000n\000\341\000l\000i\000s\000i\000s\000\040\000m\000a\000y\000o\000r}{section*.14}% 23
\BOOKMARK [2][-]{subsection*.28}{\376\377\000L\000a\000s\000\040\000r\000e\000d\000e\000s\000\040\000s\000o\000c\000i\000a\000l\000e\000s\000\040\000m\000\341\000s\000\040\000p\000o\000p\000u\000l\000a\000r\000e\000s\000\040\000c\000o\000m\000o\000\040\000h\000e\000r\000r\000a\000m\000i\000e\000n\000t\000a\000s\000\040\000v\000a\000l\000i\000o\000s\000a\000s\000\040\000p\000a\000r\000a\000\040\000o\000b\000t\000e\000n\000e\000r\000\040\000d\000a\000t\000o\000s\000\040\000s\000o\000b\000r\000e\000\040\000c\000l\000i\000e\000n\000t\000e\000s\000:}{section*.14}% 24
\BOOKMARK [2][-]{subsection*.29}{\376\377\000M\000a\000r\000k\000e\000t\000i\000n\000g\000\040\000a\000u\000t\000o\000m\000a\000t\000i\000o\000n}{section*.14}% 25
\BOOKMARK [1][-]{section*.30}{\376\377\000C\000o\000n\000c\000l\000u\000s\000i\000o\000n}{}% 26
